Using pre-set license
Built from '2020.3/staging' branch; Version is '2020.3.18f1 (a7d1c678663c) revision 10998214'; Using compiler version '192528614'; Build Type 'Release'
OS: 'Windows 10 Home; OS build 19043.1288; Version 2009; 64bit' Language: 'zh' Physical Memory: 16192 MB
BatchMode: 1, IsHumanControllingUs: 0, StartBugReporterOnCrash: 0, Is64bit: 1, IsPro: 0

COMMAND LINE ARGUMENTS:
C:\Program Files\Unity\Hub\Editor\2020.3.18f1\Editor\Unity.exe
-adb2
-batchMode
-noUpm
-name
AssetImportWorker0
-projectPath
C:/Users/immortalimpostor9634/Documents/Unity/unity_asia_Noisereductionangel/unity_asia_Noisereductionangel
-logFile
Logs/AssetImportWorker0.log
-srvPort
60821
Successfully changed project path to: C:/Users/immortalimpostor9634/Documents/Unity/unity_asia_Noisereductionangel/unity_asia_Noisereductionangel
C:/Users/immortalimpostor9634/Documents/Unity/unity_asia_Noisereductionangel/unity_asia_Noisereductionangel
Using Asset Import Pipeline V2.
Refreshing native plugins compatible for Editor in 61.73 ms, found 3 plugins.
Preloading 0 native plugins for Editor in 0.00 ms.
Initialize engine version: 2020.3.18f1 (a7d1c678663c)
[Subsystems] Discovering subsystems at path C:/Program Files/Unity/Hub/Editor/2020.3.18f1/Editor/Data/Resources/UnitySubsystems
[Subsystems] Discovering subsystems at path C:/Users/immortalimpostor9634/Documents/Unity/unity_asia_Noisereductionangel/unity_asia_Noisereductionangel/Assets
GfxDevice: creating device client; threaded=0
Direct3D:
    Version:  Direct3D 11.0 [level 11.1]
    Renderer: NVIDIA GeForce GTX 1650 (ID=0x1f91)
    Vendor:   
    VRAM:     3962 MB
    Driver:   27.21.14.5763
Initialize mono
Mono path[0] = 'C:/Program Files/Unity/Hub/Editor/2020.3.18f1/Editor/Data/Managed'
Mono path[1] = 'C:/Program Files/Unity/Hub/Editor/2020.3.18f1/Editor/Data/MonoBleedingEdge/lib/mono/unityjit'
Mono config path = 'C:/Program Files/Unity/Hub/Editor/2020.3.18f1/Editor/Data/MonoBleedingEdge/etc'
Using monoOptions --debugger-agent=transport=dt_socket,embedding=1,server=y,suspend=n,address=127.0.0.1:56052
Begin MonoManager ReloadAssembly
Registering precompiled unity dll's ...
Register platform support module: C:/Program Files/Unity/Hub/Editor/2020.3.18f1/Editor/Data/PlaybackEngines/WebGLSupport/UnityEditor.WebGL.Extensions.dll
Register platform support module: C:/Program Files/Unity/Hub/Editor/2020.3.18f1/Editor/Data/PlaybackEngines/WindowsStandaloneSupport/UnityEditor.WindowsStandalone.Extensions.dll
Registered in 0.004503 seconds.
Native extension for WindowsStandalone target not found
Native extension for WebGL target not found
Refreshing native plugins compatible for Editor in 51.80 ms, found 3 plugins.
Preloading 0 native plugins for Editor in 0.00 ms.
Mono: successfully reloaded assembly
- Completed reload, in  2.990 seconds
Domain Reload Profiling:
	ReloadAssembly (2990ms)
		BeginReloadAssembly (78ms)
			ExecutionOrderSort (0ms)
			DisableScriptedObjects (0ms)
			BackupInstance (0ms)
			ReleaseScriptingObjects (0ms)
			CreateAndSetChildDomain (1ms)
		EndReloadAssembly (509ms)
			LoadAssemblies (74ms)
			RebuildTransferFunctionScriptingTraits (0ms)
			SetupTypeCache (178ms)
			ReleaseScriptCaches (0ms)
			RebuildScriptCaches (33ms)
			SetupLoadedEditorAssemblies (210ms)
				LogAssemblyErrors (0ms)
				InitializePlatformSupportModulesInManaged (7ms)
				SetLoadedEditorAssemblies (0ms)
				RefreshPlugins (52ms)
				BeforeProcessingInitializeOnLoad (21ms)
				ProcessInitializeOnLoadAttributes (95ms)
				ProcessInitializeOnLoadMethodAttributes (34ms)
				AfterProcessingInitializeOnLoad (0ms)
				EditorAssembliesLoaded (0ms)
			ExecutionOrderSort2 (0ms)
			AwakeInstancesAfterBackupRestoration (0ms)
Platform modules already initialized, skipping
Registering precompiled user dll's ...
Registered in 0.007332 seconds.
Begin MonoManager ReloadAssembly
Native extension for WindowsStandalone target not found
Native extension for WebGL target not found
Refreshing native plugins compatible for Editor in 48.95 ms, found 3 plugins.
Preloading 0 native plugins for Editor in 0.00 ms.
Mono: successfully reloaded assembly
- Completed reload, in  1.382 seconds
Domain Reload Profiling:
	ReloadAssembly (1384ms)
		BeginReloadAssembly (189ms)
			ExecutionOrderSort (0ms)
			DisableScriptedObjects (5ms)
			BackupInstance (0ms)
			ReleaseScriptingObjects (0ms)
			CreateAndSetChildDomain (23ms)
		EndReloadAssembly (1105ms)
			LoadAssemblies (123ms)
			RebuildTransferFunctionScriptingTraits (0ms)
			SetupTypeCache (340ms)
			ReleaseScriptCaches (1ms)
			RebuildScriptCaches (59ms)
			SetupLoadedEditorAssemblies (441ms)
				LogAssemblyErrors (0ms)
				InitializePlatformSupportModulesInManaged (6ms)
				SetLoadedEditorAssemblies (0ms)
				RefreshPlugins (49ms)
				BeforeProcessingInitializeOnLoad (109ms)
				ProcessInitializeOnLoadAttributes (246ms)
				ProcessInitializeOnLoadMethodAttributes (18ms)
				AfterProcessingInitializeOnLoad (12ms)
				EditorAssembliesLoaded (0ms)
			ExecutionOrderSort2 (0ms)
			AwakeInstancesAfterBackupRestoration (8ms)
Platform modules already initialized, skipping
========================================================================
Worker process is ready to serve import requests
Launched and connected shader compiler UnityShaderCompiler.exe after 0.08 seconds
Refreshing native plugins compatible for Editor in 0.48 ms, found 3 plugins.
Preloading 0 native plugins for Editor in 0.00 ms.
Unloading 2090 Unused Serialized files (Serialized files now loaded: 0)
System memory in use before: 93.9 MB.
System memory in use after: 94.0 MB.

Unloading 26 unused Assets to reduce memory usage. Loaded Objects now: 2530.
Total: 4.113200 ms (FindLiveObjects: 0.261500 ms CreateObjectMapping: 0.075200 ms MarkObjects: 3.695000 ms  DeleteObjects: 0.079800 ms)

AssetImportParameters requested are different than current active one (requested -> active):
  custom:framework-win-MediaFoundation: 216162199b28c13a410421893ffa2e32 -> 
  custom:video-decoder-ogg-theora: a1e56fd34408186e4bbccfd4996cb3dc -> 
  custom:container-muxer-webm: aa71ff27fc2769a1b78a27578f13a17b -> 
  custom:container-demuxer-webm: 4f35f7cbe854078d1ac9338744f61a02 -> 
  custom:container-demuxer-ogg: 62fdf1f143b41e24485cea50d1cbac27 -> 
  custom:video-encoder-webm-vp8: eb34c28f22e8b96e1ab97ce403110664 -> 
  custom:video-codec-MediaFoundation-h265: 746d11721c4dcdbdad8f713fa42b33f4 -> 
  custom:video-decoder-webm-vp8: 9c59270c3fd7afecdb556c50c9e8de78 -> 
  custom:audio-decoder-ogg-vorbis: bf7c407c2cedff20999df2af8eb42d56 -> 
  custom:audio-encoder-webm-vorbis: bf7c407c2cedff20999df2af8eb42d56 -> 
========================================================================
Received Import Request.
  path: Assets/圖片素材/未命名.png
  artifactKey: Guid(43a765ee7a48bb347aa5e9070e0d0abf) Importer(815301076,1909f56bfc062723c751e8b465ee728b)
Start importing Assets/圖片素材/未命名.png using Guid(43a765ee7a48bb347aa5e9070e0d0abf) Importer(815301076,1909f56bfc062723c751e8b465ee728b)  -> (artifact id: '9e3bc7907c55ad76c6675f6ae9b753c4') in 0.117412 seconds 
  Import took 0.120931 seconds .

========================================================================
Received Import Request.
  Time since last request: 1.416948 seconds.
  path: Assets/圖片素材/1ul.png
  artifactKey: Guid(43a765ee7a48bb347aa5e9070e0d0abf) Importer(815301076,1909f56bfc062723c751e8b465ee728b)
Start importing Assets/圖片素材/1ul.png using Guid(43a765ee7a48bb347aa5e9070e0d0abf) Importer(815301076,1909f56bfc062723c751e8b465ee728b)  -> (artifact id: 'e99f385a1fe5d331e903037bf67ac2a6') in 0.026661 seconds 
  Import took 0.030991 seconds .

========================================================================
Received Import Request.
  Time since last request: 17.286048 seconds.
  path: Assets/圖片素材/標題.png
  artifactKey: Guid(43a765ee7a48bb347aa5e9070e0d0abf) Importer(815301076,1909f56bfc062723c751e8b465ee728b)
Start importing Assets/圖片素材/標題.png using Guid(43a765ee7a48bb347aa5e9070e0d0abf) Importer(815301076,1909f56bfc062723c751e8b465ee728b)  -> (artifact id: '67672012e7eefee0c39284a2ad0e7ead') in 0.020681 seconds 
  Import took 0.024290 seconds .

========================================================================
Received Import Request.
  Time since last request: 0.000445 seconds.
  path: Assets/圖片素材/標題.png
  artifactKey: Guid(43a765ee7a48bb347aa5e9070e0d0abf) Importer(815301076,1909f56bfc062723c751e8b465ee728b)
Start importing Assets/圖片素材/標題.png using Guid(43a765ee7a48bb347aa5e9070e0d0abf) Importer(815301076,1909f56bfc062723c751e8b465ee728b)  -> (artifact id: '67672012e7eefee0c39284a2ad0e7ead') in 0.017403 seconds 
  Import took 0.022249 seconds .

========================================================================
Received Import Request.
  Time since last request: 39.012653 seconds.
  path: Assets/圖片素材/噪音怪1.png
  artifactKey: Guid(c0c3dc3f93735f34faa30674d85231cc) Importer(815301076,1909f56bfc062723c751e8b465ee728b)
Start importing Assets/圖片素材/噪音怪1.png using Guid(c0c3dc3f93735f34faa30674d85231cc) Importer(815301076,1909f56bfc062723c751e8b465ee728b)  -> (artifact id: 'c68e13470739e4470e1d7e1ae21dfb6d') in 0.027033 seconds 
  Import took 0.031019 seconds .

========================================================================
Received Import Request.
  Time since last request: 0.000250 seconds.
  path: Assets/圖片素材/噪音怪2.png
  artifactKey: Guid(6b338a6aae0e3bf4383c51eb6c8efa90) Importer(815301076,1909f56bfc062723c751e8b465ee728b)
Start importing Assets/圖片素材/噪音怪2.png using Guid(6b338a6aae0e3bf4383c51eb6c8efa90) Importer(815301076,1909f56bfc062723c751e8b465ee728b)  -> (artifact id: '173716a0a5e7c1c72c4a54977283cbab') in 0.023224 seconds 
  Import took 0.027537 seconds .

========================================================================
Received Import Request.
  Time since last request: 0.000247 seconds.
  path: Assets/圖片素材/衝擊波.png
  artifactKey: Guid(ccdedf70922ba714ba4aa7555105d8a1) Importer(815301076,1909f56bfc062723c751e8b465ee728b)
Start importing Assets/圖片素材/衝擊波.png using Guid(ccdedf70922ba714ba4aa7555105d8a1) Importer(815301076,1909f56bfc062723c751e8b465ee728b)  -> (artifact id: 'c2f8b47206f2e12c49ef1d4274c9a582') in 0.023521 seconds 
  Import took 0.027632 seconds .

========================================================================
Received Import Request.
  Time since last request: 163.733798 seconds.
  path: Assets/場景素材/Texture
  artifactKey: Guid(4fb7661537e28884697bca33184bdaa0) Importer(815301076,1909f56bfc062723c751e8b465ee728b)
Start importing Assets/場景素材/Texture using Guid(4fb7661537e28884697bca33184bdaa0) Importer(815301076,1909f56bfc062723c751e8b465ee728b)  -> (artifact id: '49218b2e2a296db1cad4179661b2a9fb') in 0.011265 seconds 
  Import took 0.015579 seconds .

========================================================================
Received Import Request.
  Time since last request: 0.000572 seconds.
  path: Assets/場景素材/Texture
  artifactKey: Guid(4fb7661537e28884697bca33184bdaa0) Importer(815301076,1909f56bfc062723c751e8b465ee728b)
Start importing Assets/場景素材/Texture using Guid(4fb7661537e28884697bca33184bdaa0) Importer(815301076,1909f56bfc062723c751e8b465ee728b)  -> (artifact id: '49218b2e2a296db1cad4179661b2a9fb') in 0.005361 seconds 
  Import took 0.009209 seconds .

========================================================================
Received Import Request.
  Time since last request: 931.377080 seconds.
  path: Assets/場景素材/Texture/TX Village Props.png
  artifactKey: Guid(7810966f0f690954c87305933cabf2b0) Importer(815301076,1909f56bfc062723c751e8b465ee728b)
Start importing Assets/場景素材/Texture/TX Village Props.png using Guid(7810966f0f690954c87305933cabf2b0) Importer(815301076,1909f56bfc062723c751e8b465ee728b)  -> (artifact id: '16ae44e4157c20e0f24a9962a10df373') in 0.537669 seconds 
  Import took 0.544065 seconds .

========================================================================
Received Import Request.
  Time since last request: 33.227986 seconds.
  path: Assets/場景素材/Texture/TX Village Props.png
  artifactKey: Guid(7810966f0f690954c87305933cabf2b0) Importer(815301076,1909f56bfc062723c751e8b465ee728b)
Start importing Assets/場景素材/Texture/TX Village Props.png using Guid(7810966f0f690954c87305933cabf2b0) Importer(815301076,1909f56bfc062723c751e8b465ee728b)  -> (artifact id: '4994c96cd029f2bbd40eccf9d74dec68') in 0.446833 seconds 
  Import took 0.451819 seconds .

========================================================================
Received Import Request.
  Time since last request: 119.735743 seconds.
  path: Assets/場景素材/Texture/TX Village Props.png
  artifactKey: Guid(7810966f0f690954c87305933cabf2b0) Importer(815301076,1909f56bfc062723c751e8b465ee728b)
Start importing Assets/場景素材/Texture/TX Village Props.png using Guid(7810966f0f690954c87305933cabf2b0) Importer(815301076,1909f56bfc062723c751e8b465ee728b)  -> (artifact id: 'bfc2ea3aced1ab4bc09cb941b7eb784f') in 0.442157 seconds 
  Import took 0.446824 seconds .

========================================================================
Received Import Request.
  Time since last request: 5.840944 seconds.
  path: Assets/場景素材/Texture/TX Village Props.png
  artifactKey: Guid(7810966f0f690954c87305933cabf2b0) Importer(815301076,1909f56bfc062723c751e8b465ee728b)
Start importing Assets/場景素材/Texture/TX Village Props.png using Guid(7810966f0f690954c87305933cabf2b0) Importer(815301076,1909f56bfc062723c751e8b465ee728b)  -> (artifact id: '2f2fae32b3f1e88426c93cad5cba9d58') in 0.433772 seconds 
  Import took 0.438206 seconds .

========================================================================
Received Import Request.
  Time since last request: 5.510064 seconds.
  path: Assets/場景素材/Texture/TX Village Props.png
  artifactKey: Guid(7810966f0f690954c87305933cabf2b0) Importer(815301076,1909f56bfc062723c751e8b465ee728b)
Start importing Assets/場景素材/Texture/TX Village Props.png using Guid(7810966f0f690954c87305933cabf2b0) Importer(815301076,1909f56bfc062723c751e8b465ee728b)  -> (artifact id: '8a9a20f4682705b52e99708327fd623c') in 0.424042 seconds 
  Import took 0.428999 seconds .

========================================================================
Received Import Request.
  Time since last request: 1083.984325 seconds.
  path: Assets/圖片素材/未命名-removebg-preview.png
  artifactKey: Guid(76ccf52d6a9645648bcf8afccefe4d9b) Importer(815301076,1909f56bfc062723c751e8b465ee728b)
Start importing Assets/圖片素材/未命名-removebg-preview.png using Guid(76ccf52d6a9645648bcf8afccefe4d9b) Importer(815301076,1909f56bfc062723c751e8b465ee728b)  -> (artifact id: 'fc0d8b868b1970d5e8ad5bfb18552d5f') in 0.023544 seconds 
  Import took 0.027647 seconds .

========================================================================
Received Import Request.
  Time since last request: 14.416735 seconds.
  path: Assets/圖片素材/標題.png
  artifactKey: Guid(76ccf52d6a9645648bcf8afccefe4d9b) Importer(815301076,1909f56bfc062723c751e8b465ee728b)
Start importing Assets/圖片素材/標題.png using Guid(76ccf52d6a9645648bcf8afccefe4d9b) Importer(815301076,1909f56bfc062723c751e8b465ee728b)  -> (artifact id: '85e286f698d29b1b915ea454861df664') in 0.019963 seconds 
  Import took 0.023939 seconds .

========================================================================
Received Import Request.
  Time since last request: 0.001110 seconds.
  path: Assets/圖片素材/標題.png
  artifactKey: Guid(76ccf52d6a9645648bcf8afccefe4d9b) Importer(815301076,1909f56bfc062723c751e8b465ee728b)
Start importing Assets/圖片素材/標題.png using Guid(76ccf52d6a9645648bcf8afccefe4d9b) Importer(815301076,1909f56bfc062723c751e8b465ee728b)  -> (artifact id: '85e286f698d29b1b915ea454861df664') in 0.020821 seconds 
  Import took 0.025098 seconds .

========================================================================
Received Import Request.
  Time since last request: 3.982748 seconds.
  path: Assets/圖片素材/123-removebg-preview.png
  artifactKey: Guid(70c6bd55c10d9b54f9ba3870b0090767) Importer(815301076,1909f56bfc062723c751e8b465ee728b)
Start importing Assets/圖片素材/123-removebg-preview.png using Guid(70c6bd55c10d9b54f9ba3870b0090767) Importer(815301076,1909f56bfc062723c751e8b465ee728b)  -> (artifact id: 'f38792a823a18edeb8143a54cdb1a34f') in 0.029469 seconds 
  Import took 0.033462 seconds .

========================================================================
Received Import Request.
  Time since last request: 13.056446 seconds.
  path: Assets/圖片素材/Logo.png
  artifactKey: Guid(70c6bd55c10d9b54f9ba3870b0090767) Importer(815301076,1909f56bfc062723c751e8b465ee728b)
Start importing Assets/圖片素材/Logo.png using Guid(70c6bd55c10d9b54f9ba3870b0090767) Importer(815301076,1909f56bfc062723c751e8b465ee728b)  -> (artifact id: 'a002915c0561651cf9dc14296fb79410') in 0.025998 seconds 
  Import took 0.030239 seconds .

========================================================================
Received Prepare
Registering precompiled user dll's ...
Registered in 0.008358 seconds.
Begin MonoManager ReloadAssembly
Native extension for WindowsStandalone target not found
Native extension for WebGL target not found
Refreshing native plugins compatible for Editor in 0.51 ms, found 3 plugins.
Preloading 0 native plugins for Editor in 0.00 ms.
Mono: successfully reloaded assembly
- Completed reload, in  1.305 seconds
Domain Reload Profiling:
	ReloadAssembly (1306ms)
		BeginReloadAssembly (163ms)
			ExecutionOrderSort (0ms)
			DisableScriptedObjects (8ms)
			BackupInstance (0ms)
			ReleaseScriptingObjects (0ms)
			CreateAndSetChildDomain (46ms)
		EndReloadAssembly (1044ms)
			LoadAssemblies (152ms)
			RebuildTransferFunctionScriptingTraits (0ms)
			SetupTypeCache (356ms)
			ReleaseScriptCaches (1ms)
			RebuildScriptCaches (50ms)
			SetupLoadedEditorAssemblies (369ms)
				LogAssemblyErrors (0ms)
				InitializePlatformSupportModulesInManaged (7ms)
				SetLoadedEditorAssemblies (0ms)
				RefreshPlugins (1ms)
				BeforeProcessingInitializeOnLoad (109ms)
				ProcessInitializeOnLoadAttributes (234ms)
				ProcessInitializeOnLoadMethodAttributes (6ms)
				AfterProcessingInitializeOnLoad (12ms)
				EditorAssembliesLoaded (0ms)
			ExecutionOrderSort2 (0ms)
			AwakeInstancesAfterBackupRestoration (12ms)
Platform modules already initialized, skipping
Refreshing native plugins compatible for Editor in 0.51 ms, found 3 plugins.
Preloading 0 native plugins for Editor in 0.00 ms.
Unloading 2080 Unused Serialized files (Serialized files now loaded: 0)
System memory in use before: 96.9 MB.
System memory in use after: 97.1 MB.

Unloading 14 unused Assets to reduce memory usage. Loaded Objects now: 2775.
Total: 3.602600 ms (FindLiveObjects: 0.279600 ms CreateObjectMapping: 0.058600 ms MarkObjects: 3.240800 ms  DeleteObjects: 0.022200 ms)

AssetImportParameters requested are different than current active one (requested -> active):
  custom:framework-win-MediaFoundation: 216162199b28c13a410421893ffa2e32 -> 
  custom:video-decoder-ogg-theora: a1e56fd34408186e4bbccfd4996cb3dc -> 
  custom:container-muxer-webm: aa71ff27fc2769a1b78a27578f13a17b -> 
  custom:container-demuxer-webm: 4f35f7cbe854078d1ac9338744f61a02 -> 
  custom:container-demuxer-ogg: 62fdf1f143b41e24485cea50d1cbac27 -> 
  custom:video-encoder-webm-vp8: eb34c28f22e8b96e1ab97ce403110664 -> 
  custom:video-codec-MediaFoundation-h265: 746d11721c4dcdbdad8f713fa42b33f4 -> 
  custom:video-decoder-webm-vp8: 9c59270c3fd7afecdb556c50c9e8de78 -> 
  custom:audio-decoder-ogg-vorbis: bf7c407c2cedff20999df2af8eb42d56 -> 
  custom:audio-encoder-webm-vorbis: bf7c407c2cedff20999df2af8eb42d56 -> 
========================================================================
Received Import Request.
  Time since last request: 804.418863 seconds.
  path: Assets/材質球/開始畫面天空.mat
  artifactKey: Guid(042a14fce3347724a9f5e01306384c83) Importer(815301076,1909f56bfc062723c751e8b465ee728b)
Start importing Assets/材質球/開始畫面天空.mat using Guid(042a14fce3347724a9f5e01306384c83) Importer(815301076,1909f56bfc062723c751e8b465ee728b)  -> (artifact id: 'c177807fbd7ab857b2de81d3ec1e2192') in 0.300437 seconds 
  Import took 0.304485 seconds .

========================================================================
Received Import Request.
  Time since last request: 151.834844 seconds.
  path: Assets/材質球/開始畫面天空.mat
  artifactKey: Guid(042a14fce3347724a9f5e01306384c83) Importer(815301076,1909f56bfc062723c751e8b465ee728b)
Start importing Assets/材質球/開始畫面天空.mat using Guid(042a14fce3347724a9f5e01306384c83) Importer(815301076,1909f56bfc062723c751e8b465ee728b)  -> (artifact id: '3156e2063ede263f29ad7ee7ae451969') in 0.026347 seconds 
  Import took 0.030591 seconds .

========================================================================
Received Import Request.
  Time since last request: 168.817393 seconds.
  path: Assets/材質球/開始畫面天空.mat
  artifactKey: Guid(042a14fce3347724a9f5e01306384c83) Importer(815301076,1909f56bfc062723c751e8b465ee728b)
Start importing Assets/材質球/開始畫面天空.mat using Guid(042a14fce3347724a9f5e01306384c83) Importer(815301076,1909f56bfc062723c751e8b465ee728b)  -> (artifact id: 'a6d0761d5889722bb5878285f0fd726b') in 0.016813 seconds 
  Import took 0.021245 seconds .

========================================================================
Received Prepare
Registering precompiled user dll's ...
Registered in 0.006234 seconds.
Begin MonoManager ReloadAssembly
Native extension for WindowsStandalone target not found
Native extension for WebGL target not found
Refreshing native plugins compatible for Editor in 0.53 ms, found 3 plugins.
Preloading 0 native plugins for Editor in 0.00 ms.
Mono: successfully reloaded assembly
- Completed reload, in  1.385 seconds
Domain Reload Profiling:
	ReloadAssembly (1386ms)
		BeginReloadAssembly (195ms)
			ExecutionOrderSort (0ms)
			DisableScriptedObjects (13ms)
			BackupInstance (0ms)
			ReleaseScriptingObjects (0ms)
			CreateAndSetChildDomain (69ms)
		EndReloadAssembly (1095ms)
			LoadAssemblies (152ms)
			RebuildTransferFunctionScriptingTraits (0ms)
			SetupTypeCache (362ms)
			ReleaseScriptCaches (1ms)
			RebuildScriptCaches (53ms)
			SetupLoadedEditorAssemblies (420ms)
				LogAssemblyErrors (0ms)
				InitializePlatformSupportModulesInManaged (8ms)
				SetLoadedEditorAssemblies (1ms)
				RefreshPlugins (1ms)
				BeforeProcessingInitializeOnLoad (124ms)
				ProcessInitializeOnLoadAttributes (265ms)
				ProcessInitializeOnLoadMethodAttributes (7ms)
				AfterProcessingInitializeOnLoad (14ms)
				EditorAssembliesLoaded (0ms)
			ExecutionOrderSort2 (0ms)
			AwakeInstancesAfterBackupRestoration (12ms)
Platform modules already initialized, skipping
Refreshing native plugins compatible for Editor in 0.58 ms, found 3 plugins.
Preloading 0 native plugins for Editor in 0.00 ms.
Unloading 2080 Unused Serialized files (Serialized files now loaded: 0)
System memory in use before: 97.4 MB.
System memory in use after: 97.6 MB.

Unloading 14 unused Assets to reduce memory usage. Loaded Objects now: 2816.
Total: 5.086700 ms (FindLiveObjects: 0.309600 ms CreateObjectMapping: 0.069400 ms MarkObjects: 4.667000 ms  DeleteObjects: 0.038700 ms)

AssetImportParameters requested are different than current active one (requested -> active):
  custom:framework-win-MediaFoundation: 216162199b28c13a410421893ffa2e32 -> 
  custom:video-decoder-ogg-theora: a1e56fd34408186e4bbccfd4996cb3dc -> 
  custom:container-muxer-webm: aa71ff27fc2769a1b78a27578f13a17b -> 
  custom:container-demuxer-webm: 4f35f7cbe854078d1ac9338744f61a02 -> 
  custom:container-demuxer-ogg: 62fdf1f143b41e24485cea50d1cbac27 -> 
  custom:video-encoder-webm-vp8: eb34c28f22e8b96e1ab97ce403110664 -> 
  custom:video-codec-MediaFoundation-h265: 746d11721c4dcdbdad8f713fa42b33f4 -> 
  custom:video-decoder-webm-vp8: 9c59270c3fd7afecdb556c50c9e8de78 -> 
  custom:audio-decoder-ogg-vorbis: bf7c407c2cedff20999df2af8eb42d56 -> 
  custom:audio-encoder-webm-vorbis: bf7c407c2cedff20999df2af8eb42d56 -> 
========================================================================
Received Import Request.
  Time since last request: 276.165255 seconds.
  path: Assets/材質球/開始畫面天空.mat
  artifactKey: Guid(042a14fce3347724a9f5e01306384c83) Importer(815301076,1909f56bfc062723c751e8b465ee728b)
Start importing Assets/材質球/開始畫面天空.mat using Guid(042a14fce3347724a9f5e01306384c83) Importer(815301076,1909f56bfc062723c751e8b465ee728b)  -> (artifact id: '6e2085d066dd5ed1573451fd8c4b29f5') in 0.071559 seconds 
  Import took 0.076141 seconds .

========================================================================
Received Prepare
Registering precompiled user dll's ...
Registered in 0.009626 seconds.
Begin MonoManager ReloadAssembly
Native extension for WindowsStandalone target not found
Native extension for WebGL target not found
Refreshing native plugins compatible for Editor in 0.52 ms, found 3 plugins.
Preloading 0 native plugins for Editor in 0.00 ms.
Mono: successfully reloaded assembly
- Completed reload, in  1.241 seconds
Domain Reload Profiling:
	ReloadAssembly (1242ms)
		BeginReloadAssembly (158ms)
			ExecutionOrderSort (0ms)
			DisableScriptedObjects (8ms)
			BackupInstance (0ms)
			ReleaseScriptingObjects (0ms)
			CreateAndSetChildDomain (43ms)
		EndReloadAssembly (1001ms)
			LoadAssemblies (118ms)
			RebuildTransferFunctionScriptingTraits (0ms)
			SetupTypeCache (332ms)
			ReleaseScriptCaches (1ms)
			RebuildScriptCaches (49ms)
			SetupLoadedEditorAssemblies (375ms)
				LogAssemblyErrors (0ms)
				InitializePlatformSupportModulesInManaged (8ms)
				SetLoadedEditorAssemblies (0ms)
				RefreshPlugins (1ms)
				BeforeProcessingInitializeOnLoad (108ms)
				ProcessInitializeOnLoadAttributes (239ms)
				ProcessInitializeOnLoadMethodAttributes (6ms)
				AfterProcessingInitializeOnLoad (13ms)
				EditorAssembliesLoaded (0ms)
			ExecutionOrderSort2 (0ms)
			AwakeInstancesAfterBackupRestoration (14ms)
Platform modules already initialized, skipping
Refreshing native plugins compatible for Editor in 0.51 ms, found 3 plugins.
Preloading 0 native plugins for Editor in 0.00 ms.
Unloading 2080 Unused Serialized files (Serialized files now loaded: 0)
System memory in use before: 97.4 MB.
System memory in use after: 97.6 MB.

Unloading 14 unused Assets to reduce memory usage. Loaded Objects now: 2820.
Total: 4.203000 ms (FindLiveObjects: 0.305300 ms CreateObjectMapping: 0.065600 ms MarkObjects: 3.807400 ms  DeleteObjects: 0.023200 ms)

AssetImportParameters requested are different than current active one (requested -> active):
  custom:framework-win-MediaFoundation: 216162199b28c13a410421893ffa2e32 -> 
  custom:video-decoder-ogg-theora: a1e56fd34408186e4bbccfd4996cb3dc -> 
  custom:container-muxer-webm: aa71ff27fc2769a1b78a27578f13a17b -> 
  custom:container-demuxer-webm: 4f35f7cbe854078d1ac9338744f61a02 -> 
  custom:container-demuxer-ogg: 62fdf1f143b41e24485cea50d1cbac27 -> 
  custom:video-encoder-webm-vp8: eb34c28f22e8b96e1ab97ce403110664 -> 
  custom:video-codec-MediaFoundation-h265: 746d11721c4dcdbdad8f713fa42b33f4 -> 
  custom:video-decoder-webm-vp8: 9c59270c3fd7afecdb556c50c9e8de78 -> 
  custom:audio-decoder-ogg-vorbis: bf7c407c2cedff20999df2af8eb42d56 -> 
  custom:audio-encoder-webm-vorbis: bf7c407c2cedff20999df2af8eb42d56 -> 
========================================================================
Received Import Request.
  Time since last request: 1719.654373 seconds.
  path: Assets/圖片素材/標題.png
  artifactKey: Guid(76ccf52d6a9645648bcf8afccefe4d9b) Importer(815301076,1909f56bfc062723c751e8b465ee728b)
Start importing Assets/圖片素材/標題.png using Guid(76ccf52d6a9645648bcf8afccefe4d9b) Importer(815301076,1909f56bfc062723c751e8b465ee728b)  -> (artifact id: 'ae2843b07bb7667368b2510b7a453f5c') in 0.054310 seconds 
  Import took 0.059051 seconds .

========================================================================
Received Import Request.
  Time since last request: 10.032204 seconds.
  path: Assets/圖片素材/標題.png
  artifactKey: Guid(76ccf52d6a9645648bcf8afccefe4d9b) Importer(815301076,1909f56bfc062723c751e8b465ee728b)
Start importing Assets/圖片素材/標題.png using Guid(76ccf52d6a9645648bcf8afccefe4d9b) Importer(815301076,1909f56bfc062723c751e8b465ee728b)  -> (artifact id: '376d27054a5e388992e74cf52d5ebb43') in 0.011636 seconds 
  Import took 0.015614 seconds .

========================================================================
Received Import Request.
  Time since last request: 0.016162 seconds.
  path: Assets/圖片素材/標題.png
  artifactKey: Guid(76ccf52d6a9645648bcf8afccefe4d9b) Importer(815301076,1909f56bfc062723c751e8b465ee728b)
Start importing Assets/圖片素材/標題.png using Guid(76ccf52d6a9645648bcf8afccefe4d9b) Importer(815301076,1909f56bfc062723c751e8b465ee728b)  -> (artifact id: '376d27054a5e388992e74cf52d5ebb43') in 0.011702 seconds 
  Import took 0.015590 seconds .

========================================================================
Received Import Request.
  Time since last request: 24.377488 seconds.
  path: Assets/圖片素材/標題.png
  artifactKey: Guid(76ccf52d6a9645648bcf8afccefe4d9b) Importer(815301076,1909f56bfc062723c751e8b465ee728b)
Start importing Assets/圖片素材/標題.png using Guid(76ccf52d6a9645648bcf8afccefe4d9b) Importer(815301076,1909f56bfc062723c751e8b465ee728b)  -> (artifact id: 'e9297f9d968a1ffab2b1d402112285e1') in 0.012173 seconds 
  Import took 0.016307 seconds .

========================================================================
Received Import Request.
  Time since last request: 0.014767 seconds.
  path: Assets/圖片素材/標題.png
  artifactKey: Guid(76ccf52d6a9645648bcf8afccefe4d9b) Importer(815301076,1909f56bfc062723c751e8b465ee728b)
Start importing Assets/圖片素材/標題.png using Guid(76ccf52d6a9645648bcf8afccefe4d9b) Importer(815301076,1909f56bfc062723c751e8b465ee728b)  -> (artifact id: 'e9297f9d968a1ffab2b1d402112285e1') in 0.014415 seconds 
  Import took 0.018128 seconds .

========================================================================
Received Import Request.
  Time since last request: 97.356609 seconds.
  path: Assets/圖片素材/未命名-removebg-preview.png
  artifactKey: Guid(6f4791b3de1082249bd35e27d03cae8f) Importer(815301076,1909f56bfc062723c751e8b465ee728b)
Start importing Assets/圖片素材/未命名-removebg-preview.png using Guid(6f4791b3de1082249bd35e27d03cae8f) Importer(815301076,1909f56bfc062723c751e8b465ee728b)  -> (artifact id: '6e64d806ab9e827040268834ee4a2256') in 0.034720 seconds 
  Import took 0.039002 seconds .

========================================================================
Received Import Request.
  Time since last request: 17.608296 seconds.
  path: Assets/圖片素材/標題.png
  artifactKey: Guid(6f4791b3de1082249bd35e27d03cae8f) Importer(815301076,1909f56bfc062723c751e8b465ee728b)
Start importing Assets/圖片素材/標題.png using Guid(6f4791b3de1082249bd35e27d03cae8f) Importer(815301076,1909f56bfc062723c751e8b465ee728b)  -> (artifact id: '434aa0c5273a62ca477de21ce8d4278c') in 0.019855 seconds 
  Import took 0.024461 seconds .

========================================================================
Received Import Request.
  Time since last request: 0.011738 seconds.
  path: Assets/圖片素材/標題.png
  artifactKey: Guid(6f4791b3de1082249bd35e27d03cae8f) Importer(815301076,1909f56bfc062723c751e8b465ee728b)
Start importing Assets/圖片素材/標題.png using Guid(6f4791b3de1082249bd35e27d03cae8f) Importer(815301076,1909f56bfc062723c751e8b465ee728b)  -> (artifact id: '434aa0c5273a62ca477de21ce8d4278c') in 0.022556 seconds 
  Import took 0.027578 seconds .

========================================================================
Received Prepare
Registering precompiled user dll's ...
Registered in 0.006769 seconds.
Begin MonoManager ReloadAssembly
Native extension for WindowsStandalone target not found
Native extension for WebGL target not found
Refreshing native plugins compatible for Editor in 0.54 ms, found 3 plugins.
Preloading 0 native plugins for Editor in 0.00 ms.
Mono: successfully reloaded assembly
- Completed reload, in  1.333 seconds
Domain Reload Profiling:
	ReloadAssembly (1333ms)
		BeginReloadAssembly (160ms)
			ExecutionOrderSort (0ms)
			DisableScriptedObjects (7ms)
			BackupInstance (0ms)
			ReleaseScriptingObjects (0ms)
			CreateAndSetChildDomain (44ms)
		EndReloadAssembly (1081ms)
			LoadAssemblies (139ms)
			RebuildTransferFunctionScriptingTraits (0ms)
			SetupTypeCache (371ms)
			ReleaseScriptCaches (1ms)
			RebuildScriptCaches (50ms)
			SetupLoadedEditorAssemblies (389ms)
				LogAssemblyErrors (0ms)
				InitializePlatformSupportModulesInManaged (8ms)
				SetLoadedEditorAssemblies (1ms)
				RefreshPlugins (1ms)
				BeforeProcessingInitializeOnLoad (122ms)
				ProcessInitializeOnLoadAttributes (240ms)
				ProcessInitializeOnLoadMethodAttributes (6ms)
				AfterProcessingInitializeOnLoad (12ms)
				EditorAssembliesLoaded (0ms)
			ExecutionOrderSort2 (0ms)
			AwakeInstancesAfterBackupRestoration (13ms)
Platform modules already initialized, skipping
Refreshing native plugins compatible for Editor in 0.51 ms, found 3 plugins.
Preloading 0 native plugins for Editor in 0.00 ms.
Unloading 2080 Unused Serialized files (Serialized files now loaded: 0)
System memory in use before: 97.4 MB.
System memory in use after: 97.6 MB.

Unloading 14 unused Assets to reduce memory usage. Loaded Objects now: 2824.
Total: 4.489400 ms (FindLiveObjects: 0.316300 ms CreateObjectMapping: 0.075700 ms MarkObjects: 4.072800 ms  DeleteObjects: 0.023100 ms)

AssetImportParameters requested are different than current active one (requested -> active):
  custom:framework-win-MediaFoundation: 216162199b28c13a410421893ffa2e32 -> 
  custom:video-decoder-ogg-theora: a1e56fd34408186e4bbccfd4996cb3dc -> 
  custom:container-muxer-webm: aa71ff27fc2769a1b78a27578f13a17b -> 
  custom:container-demuxer-webm: 4f35f7cbe854078d1ac9338744f61a02 -> 
  custom:container-demuxer-ogg: 62fdf1f143b41e24485cea50d1cbac27 -> 
  custom:video-encoder-webm-vp8: eb34c28f22e8b96e1ab97ce403110664 -> 
  custom:video-codec-MediaFoundation-h265: 746d11721c4dcdbdad8f713fa42b33f4 -> 
  custom:video-decoder-webm-vp8: 9c59270c3fd7afecdb556c50c9e8de78 -> 
  custom:audio-decoder-ogg-vorbis: bf7c407c2cedff20999df2af8eb42d56 -> 
  custom:audio-encoder-webm-vorbis: bf7c407c2cedff20999df2af8eb42d56 -> 
========================================================================
Received Prepare
Registering precompiled user dll's ...
Registered in 0.005423 seconds.
Begin MonoManager ReloadAssembly
Native extension for WindowsStandalone target not found
Native extension for WebGL target not found
Refreshing native plugins compatible for Editor in 0.56 ms, found 3 plugins.
Preloading 0 native plugins for Editor in 0.00 ms.
Mono: successfully reloaded assembly
- Completed reload, in  1.375 seconds
Domain Reload Profiling:
	ReloadAssembly (1376ms)
		BeginReloadAssembly (151ms)
			ExecutionOrderSort (0ms)
			DisableScriptedObjects (12ms)
			BackupInstance (0ms)
			ReleaseScriptingObjects (0ms)
			CreateAndSetChildDomain (42ms)
		EndReloadAssembly (1127ms)
			LoadAssemblies (125ms)
			RebuildTransferFunctionScriptingTraits (0ms)
			SetupTypeCache (398ms)
			ReleaseScriptCaches (2ms)
			RebuildScriptCaches (53ms)
			SetupLoadedEditorAssemblies (415ms)
				LogAssemblyErrors (0ms)
				InitializePlatformSupportModulesInManaged (8ms)
				SetLoadedEditorAssemblies (1ms)
				RefreshPlugins (1ms)
				BeforeProcessingInitializeOnLoad (135ms)
				ProcessInitializeOnLoadAttributes (248ms)
				ProcessInitializeOnLoadMethodAttributes (8ms)
				AfterProcessingInitializeOnLoad (14ms)
				EditorAssembliesLoaded (0ms)
			ExecutionOrderSort2 (0ms)
			AwakeInstancesAfterBackupRestoration (16ms)
Platform modules already initialized, skipping
Refreshing native plugins compatible for Editor in 0.56 ms, found 3 plugins.
Preloading 0 native plugins for Editor in 0.00 ms.
Unloading 2080 Unused Serialized files (Serialized files now loaded: 0)
System memory in use before: 97.4 MB.
System memory in use after: 97.7 MB.

Unloading 14 unused Assets to reduce memory usage. Loaded Objects now: 2827.
Total: 4.663200 ms (FindLiveObjects: 0.323900 ms CreateObjectMapping: 0.077200 ms MarkObjects: 4.235600 ms  DeleteObjects: 0.024800 ms)

AssetImportParameters requested are different than current active one (requested -> active):
  custom:framework-win-MediaFoundation: 216162199b28c13a410421893ffa2e32 -> 
  custom:video-decoder-ogg-theora: a1e56fd34408186e4bbccfd4996cb3dc -> 
  custom:container-muxer-webm: aa71ff27fc2769a1b78a27578f13a17b -> 
  custom:container-demuxer-webm: 4f35f7cbe854078d1ac9338744f61a02 -> 
  custom:container-demuxer-ogg: 62fdf1f143b41e24485cea50d1cbac27 -> 
  custom:video-encoder-webm-vp8: eb34c28f22e8b96e1ab97ce403110664 -> 
  custom:video-codec-MediaFoundation-h265: 746d11721c4dcdbdad8f713fa42b33f4 -> 
  custom:video-decoder-webm-vp8: 9c59270c3fd7afecdb556c50c9e8de78 -> 
  custom:audio-decoder-ogg-vorbis: bf7c407c2cedff20999df2af8eb42d56 -> 
  custom:audio-encoder-webm-vorbis: bf7c407c2cedff20999df2af8eb42d56 -> 
